<?xml version="1.0" encoding="UTF-8"?>
<!-- Generated by org.testng.reporters.JUnitReportReporter -->
<testsuite hostname="DESKTOP-TBBFTC1" failures="0" tests="1" name="Com.APIs.Company.GET_Request_TC002" time="3.232"
           errors="0" timestamp="2020-09-29T13:38:35 EET" skipped="0">
    <testcase classname="Com.APIs.Company.GET_Request_TC002" name="CompanyComplianceDataBySupplierName" time="3.232"/>
    <system-out/>
</testsuite> <!-- Com.APIs.Company.GET_Request_TC002 -->
