<?xml version="1.0" encoding="UTF-8"?>
<!-- Generated by org.testng.reporters.JUnitReportReporter -->
<testsuite hostname="DESKTOP-1M9J8MG" failures="0" tests="1"
           name="Com.APIs.Company.GET_CompanyCompetitorsByCompanyID_TC008" time="2.180" errors="0"
           timestamp="2020-10-07T13:14:25 EET" skipped="0">
    <testcase classname="Com.APIs.Company.GET_CompanyCompetitorsByCompanyID_TC008"
              name="GetCompanyCompetitorsByCompanyID" time="2.180"/>
    <system-out/>
</testsuite> <!-- Com.APIs.Company.GET_CompanyCompetitorsByCompanyID_TC008 -->
