<?xml version="1.0" encoding="UTF-8"?>
<!-- Generated by org.testng.reporters.JUnitReportReporter -->
<testsuite hostname="DESKTOP-1M9J8MG" failures="0" tests="1"
           name="Com.APIs.Company.GET_CompanyFinancialSegmentCompanyID_TC026" time="1.970" errors="0"
           timestamp="2020-10-07T13:14:25 EET" skipped="0">
    <testcase classname="Com.APIs.Company.GET_CompanyFinancialSegmentCompanyID_TC026"
              name="CompanyFinancialSegmentCompanyID" time="1.970"/>
    <system-out/>
</testsuite> <!-- Com.APIs.Company.GET_CompanyFinancialSegmentCompanyID_TC026 -->
