<?xml version="1.0" encoding="UTF-8"?>
<!-- Generated by org.testng.reporters.JUnitReportReporter -->
<testsuite hostname="DESKTOP-1M9J8MG" failures="0" tests="1"
           name="Com.APIs.PartDataSearch.GetPartDataByPartId_PartConfig_Duplicate_TC005" time="2.066" errors="0"
           timestamp="2020-10-07T13:13:32 EET" skipped="0">
    <testcase classname="Com.APIs.PartDataSearch.GetPartDataByPartId_PartConfig_Duplicate_TC005"
              name="PartDataByPartId_PartConfig_Duplicate_parametric" time="2.066"/>
    <system-out/>
</testsuite> <!-- Com.APIs.PartDataSearch.GetPartDataByPartId_PartConfig_Duplicate_TC005 -->
