<?xml version="1.0" encoding="UTF-8"?>
<!-- Generated by org.testng.reporters.JUnitReportReporter -->
<testsuite hostname="DESKTOP-1M9J8MG" failures="0" tests="1"
           name="Com.APIs.PartDataSearch.POST_ModifyUploadedParts_DELETE_GeneralKey_TC026" time="1.291" errors="0"
           timestamp="2020-10-07T13:13:32 EET" skipped="0">
    <testcase classname="Com.APIs.PartDataSearch.POST_ModifyUploadedParts_DELETE_GeneralKey_TC026"
              name="POST_ModifyUploadedParts_DELETE_GeneralKey" time="1.291"/>
    <system-out/>
</testsuite> <!-- Com.APIs.PartDataSearch.POST_ModifyUploadedParts_DELETE_GeneralKey_TC026 -->
