<?xml version="1.0" encoding="UTF-8"?>
<!-- Generated by org.testng.reporters.JUnitReportReporter -->
<testsuite hostname="DESKTOP-TBBFTC1" failures="0" tests="1" name="Com.APIs.PartDataSearch.GET_ProductLineList_12"
           time="4.716" errors="0" timestamp="2020-09-30T16:48:39 EET" skipped="0">
    <testcase classname="Com.APIs.PartDataSearch.GET_ProductLineList_12" name="ProductLineList" time="4.716"/>
    <system-out/>
</testsuite> <!-- Com.APIs.PartDataSearch.GET_ProductLineList_12 -->
