<?xml version="1.0" encoding="UTF-8"?>
<!-- Generated by org.testng.reporters.JUnitReportReporter -->
<testsuite hostname="DESKTOP-1M9J8MG" failures="0" tests="1" name="Com.APIs.PartDataSearch.GetPartDataByKeySearch_TC001"
           time="2.969" errors="0" timestamp="2020-10-07T13:13:32 EET" skipped="0">
    <testcase classname="Com.APIs.PartDataSearch.GetPartDataByKeySearch_TC001" name="PartDataByKeySearch" time="2.969"/>
    <system-out/>
</testsuite> <!-- Com.APIs.PartDataSearch.GetPartDataByKeySearch_TC001 -->
