<?xml version="1.0" encoding="UTF-8"?>
<!-- Generated by org.testng.reporters.JUnitReportReporter -->
<testsuite hostname="DESKTOP-1M9J8MG" failures="0" tests="2"
           name="Com.APIs.PartDataSearch.POST_ValidateUploadedParts_TC029" time="2.982" errors="0"
           timestamp="2020-10-07T13:13:32 EET" skipped="0">
    <testcase classname="Com.APIs.PartDataSearch.POST_ValidateUploadedParts_TC029" name="ValidateUploadedParts2"
              time="1.495"/>
    <system-out/>
    <testcase classname="Com.APIs.PartDataSearch.POST_ValidateUploadedParts_TC029" name="ValidateUploadedParts"
              time="1.487"/>
    <system-out/>
</testsuite> <!-- Com.APIs.PartDataSearch.POST_ValidateUploadedParts_TC029 -->
