<?xml version="1.0" encoding="UTF-8"?>
<!-- Generated by org.testng.reporters.JUnitReportReporter -->
<testsuite hostname="DESKTOP-1M9J8MG" failures="0" tests="1"
           name="Com.APIs.PartDataSearch.GET_ParametricFeaturesByProductID_TC014" time="1.462" errors="0"
           timestamp="2020-10-07T13:13:32 EET" skipped="0">
    <testcase classname="Com.APIs.PartDataSearch.GET_ParametricFeaturesByProductID_TC014"
              name="ParametricFeaturesByProductID" time="1.462"/>
    <system-out/>
</testsuite> <!-- Com.APIs.PartDataSearch.GET_ParametricFeaturesByProductID_TC014 -->
