<?xml version="1.0" encoding="UTF-8"?>
<!-- Generated by org.testng.reporters.JUnitReportReporter -->
<testsuite hostname="DESKTOP-TBBFTC1" failures="0" tests="1" name="Com.APIs.Company.GET_Request_TC001" time="5.228"
           errors="0" timestamp="2020-09-29T13:32:16 EET" skipped="0">
    <testcase classname="Com.APIs.Company.GET_Request_TC001" name="CompanyDetailsByName" time="5.228"/>
    <system-out/>
</testsuite> <!-- Com.APIs.Company.GET_Request_TC001 -->
